[media]\_dlc\stuff_01\classes\trucks
[media]\_dlc\ru_08\classes\trucks\trailers
[media]\_dlc\dlc_1_1
[media]\_dlc\dlc_1_2
[media]\_dlc\dlc_2_1
[media]\_dlc\dlc_2_2
[media]\_dlc\dlc_3
[media]\_dlc\dlc_4
[media]\_dlc\dlc_4_1
[media]\_dlc\dlc_5
[media]\_dlc\dlc_6
[media]\_dlc\DLC_trial_6
[media]\_dlc\dlc_7
[media]\_dlc\dlc_8
[media]\_dlc\dlc_9
[media]\_dlc\dlc_10
[media]\_dlc\dlc_11
[media]\_dlc\dlc_12
[media]\_dlc\dlc_12_5
[media]\_dlc\dlc_13
[media]\_dlc\dlc_13_5
[media]\_dlc\dlc_14
[media]\_dlc\dlc_14_1
[media]\_templates\trucks.xml
[media]\classes\engines
[media]\classes\gearboxes
[media]\classes\suspensions
[media]\classes\trucks
[media]\classes\wheels
[media]\classes\winches
[strings]\strings_english.str
[strings]\strings_russian.str
[strings]\strings_chinese_simplified.str
[strings]\strings_german.str
edited
