7zxa.dll
Default.SFX
Default64.SFX
DefaultEn.SFX
DefaultEn64.SFX
Descript.ion
License.txt
make
Order.htm
Rar.exe
Rar.lng
Rar.txt
RarExt.dll
RarExt.lng
RarExt32.dll
RarExt64.dll
RarFiles.lst
RarLng.dll
RarNew.dat
ReadMe.rus.txt
ReadMe.txt
separate
Setup.lng
Sfx.lng
Uninstall.exe
Uninstall.lng
Uninstall.lst
UnRAR.exe
WhatsNew.txt
WinCon.SFX
WinCon64.SFX
WinConEn.SFX
WinConEn64.SFX
WinRAR.chm
WinRAR.chw
WinRAR.exe
WinRAR.fts
WinRAR.gid
WinRAR.lng
Zip.SFX
Zip64.SFX
ZipEn.SFX
ZipEn64.SFX
ZipNew.dat
RarExtInstaller.exe
RarExtInstaller.exe.manifest
RarExtPackage.msix
RarExtLogo.altform-unplated_targetsize-32.png
RarExtLogo.altform-unplated_targetsize-48.png
RarExtLogo.altform-unplated_targetsize-64.png
RarExtLogo_Default.altform-unplated_targetsize-32.png
RarExtLogo_Default.altform-unplated_targetsize-48.png
RarExtLogo_Default.altform-unplated_targetsize-64.png
Resources.pri
