7zxa.dll
ace32loader.exe
Default.SFX
Default64.SFX
DefaultEn.SFX
DefaultEn64.SFX
Descript.ion
License.txt
Order.htm
Rar.exe
Rar.lng
Rar.txt
RarExt.dll
RarExt.lng
RarExt32.dll
RarExt64.dll
RarFiles.lst
RarLng.dll
RarNew.dat
ReadMe.rus.txt
ReadMe.txt
Setup.lng
Sfx.lng
UNACEV2.DLL
Uninstall.exe
Uninstall.lng
Uninstall.lst
UnRAR.exe
WhatsNew.txt
WinCon.SFX
WinCon64.SFX
WinConEn.SFX
WinConEn64.SFX
WinRAR.chm
WinRAR.chw
WinRAR.exe
WinRAR.fts
WinRAR.gid
WinRAR.lng
Zip.SFX
Zip64.SFX
ZipEn.SFX
ZipEn64.SFX
ZipNew.dat
